<?xml version="1.0" encoding="UTF-8"?>
<!-- Generated by org.testng.reporters.JUnitReportReporter -->
<testsuite hostname="LAPTOP-FAREL36J" failures="0" tests="3" name="com.qa.testpack1.FirstTest" time="0.006" errors="0" timestamp="03 Dec 2021 14:04:36 GMT" skipped="0">
  <testcase classname="com.qa.testpack1.FirstTest" name="Test2" time="0.000"/>
  <testcase classname="com.qa.testpack1.FirstTest" name="Test3" time="0.000"/>
  <testcase classname="com.qa.testpack1.FirstTest" name="Test1" time="0.006"/>
</testsuite> <!-- com.qa.testpack1.FirstTest -->
