<?xml version="1.0" encoding="UTF-8"?>
<!-- Generated by org.testng.reporters.JUnitReportReporter -->
<testsuite hostname="LAPTOP-FAREL36J" failures="0" tests="1" name="mygit.NewGit.AppTest" time="0.003" errors="0" timestamp="03 Dec 2021 13:41:58 GMT" skipped="0">
  <testcase classname="mygit.NewGit.AppTest" name="shouldAnswerWithTrue" time="0.003"/>
</testsuite> <!-- mygit.NewGit.AppTest -->
